PLINK v2.00a2.3LM 64-bit Intel (24 Jan 2020)
Options in effect:
  --maf 0.05
  --out common_variants_filter
  --pfile convert_2_pgen
  --write-snplist allow-dups

Hostname: pop-os
Working directory: /home/pdgardne/mathieson_sims
Start time: Fri Sep 23 18:25:51 2022

Random number seed: 1663982751
32048 MiB RAM detected; reserving 16024 MiB for main workspace.
Using up to 12 threads (change this with --threads).
50 samples (0 females, 0 males, 50 ambiguous; 50 founders) loaded from
convert_2_pgen.psam.
17 variants loaded from convert_2_pgen.pvar.
Note: No phenotype data present.
Calculating allele frequencies... done.
10 variants removed due to allele frequency threshold(s)
(--maf/--max-maf/--mac/--max-mac).
7 variants remaining after main filters.
--write-snplist: Variant IDs written to common_variants_filter.snplist .

End time: Fri Sep 23 18:25:51 2022
