PLINK v2.00a2.3LM 64-bit Intel (24 Jan 2020)
Options in effect:
  --mac 1
  --out convert_2_pgen.snps
  --pfile convert_2_pgen
  --write-snplist allow-dups

Hostname: pop-os
Working directory: /home/pdgardne/mathieson_sims
Start time: Thu Oct 27 16:24:34 2022

Random number seed: 1666913074
32048 MiB RAM detected; reserving 16024 MiB for main workspace.
Using up to 12 threads (change this with --threads).
50 samples (0 females, 0 males, 50 ambiguous; 50 founders) loaded from
convert_2_pgen.psam.
25 variants loaded from convert_2_pgen.pvar.
Note: No phenotype data present.
Calculating allele frequencies... done.
0 variants removed due to allele frequency threshold(s)
(--maf/--max-maf/--mac/--max-mac).
25 variants remaining after main filters.
--write-snplist: Variant IDs written to convert_2_pgen.snps.snplist .

End time: Thu Oct 27 16:24:34 2022
