PLINK v2.00a2.3LM 64-bit Intel (24 Jan 2020)
Options in effect:
  --out phenotype2
  --pfile convert_2_pgen
  --pheno pop.txt
  --read-freq convert_2_pgen.snps.frq.afreq
  --score gwas.phenotype2.glm.linear 3 4 9 header

Hostname: pop-os
Working directory: /home/pdgardne/mathieson_sims
Start time: Thu Jun 30 09:47:26 2022

Random number seed: 1656607646
32050 MiB RAM detected; reserving 16025 MiB for main workspace.
Using up to 12 threads (change this with --threads).
20 samples (0 females, 0 males, 20 ambiguous; 20 founders) loaded from
convert_2_pgen.psam.
19 variants loaded from convert_2_pgen.pvar.
3 phenotypes loaded (1 binary, 2 quantitative).
--read-freq: PLINK 2 --freq file detected.
--read-freq: Frequencies for 19 variants loaded.
--score: 19 variants processed.
--score: Results written to phenotype2.sscore .

End time: Thu Jun 30 09:47:26 2022
